{
  "errorId": 1723177701426,
  "status": "fail",
  "statusCode": 404,
  "url": "/uploads/service/1723138461230-PropertyPulse-CRM2.png",
  "message": "Can't find /uploads/service/1723138461230-PropertyPulse-CRM2.png on this server!",
  "timestamp": "2024-08-09T04:28:21.426Z"
}{
  "errorId": 1723177701428,
  "status": "fail",
  "statusCode": 404,
  "url": "/uploads/service/1723138453849-EduPro-Manager2.png",
  "message": "Can't find /uploads/service/1723138453849-EduPro-Manager2.png on this server!",
  "timestamp": "2024-08-09T04:28:21.428Z"
}{
  "errorId": 1723177701429,
  "status": "fail",
  "statusCode": 404,
  "url": "/uploads/service/1723138405730-Hospitalia-Pro-1.png",
  "message": "Can't find /uploads/service/1723138405730-Hospitalia-Pro-1.png on this server!",
  "timestamp": "2024-08-09T04:28:21.429Z"
}{
  "errorId": 1723177701430,
  "status": "fail",
  "statusCode": 404,
  "url": "/uploads/service/1723138316603-Travel-Planner%201.png",
  "message": "Can't find /uploads/service/1723138316603-Travel-Planner%201.png on this server!",
  "timestamp": "2024-08-09T04:28:21.430Z"
}{
  "errorId": 1723177714178,
  "status": "fail",
  "statusCode": 404,
  "url": "/uploads/service/1723138461230-PropertyPulse-CRM2.png",
  "message": "Can't find /uploads/service/1723138461230-PropertyPulse-CRM2.png on this server!",
  "timestamp": "2024-08-09T04:28:34.178Z"
}{
  "errorId": 1723177714181,
  "status": "fail",
  "statusCode": 404,
  "url": "/uploads/service/1723138453849-EduPro-Manager2.png",
  "message": "Can't find /uploads/service/1723138453849-EduPro-Manager2.png on this server!",
  "timestamp": "2024-08-09T04:28:34.181Z"
}{
  "errorId": 1723177714184,
  "status": "fail",
  "statusCode": 404,
  "url": "/uploads/service/1723138405730-Hospitalia-Pro-1.png",
  "message": "Can't find /uploads/service/1723138405730-Hospitalia-Pro-1.png on this server!",
  "timestamp": "2024-08-09T04:28:34.184Z"
}{
  "errorId": 1723177714187,
  "status": "fail",
  "statusCode": 404,
  "url": "/uploads/service/1723138316603-Travel-Planner%201.png",
  "message": "Can't find /uploads/service/1723138316603-Travel-Planner%201.png on this server!",
  "timestamp": "2024-08-09T04:28:34.187Z"
}{
  "errorId": 1723177757907,
  "status": "fail",
  "statusCode": 404,
  "url": "/uploads/service/1723138461230-PropertyPulse-CRM2.png",
  "message": "Can't find /uploads/service/1723138461230-PropertyPulse-CRM2.png on this server!",
  "timestamp": "2024-08-09T04:29:17.907Z"
}{
  "errorId": 1723177757909,
  "status": "fail",
  "statusCode": 404,
  "url": "/uploads/service/1723138453849-EduPro-Manager2.png",
  "message": "Can't find /uploads/service/1723138453849-EduPro-Manager2.png on this server!",
  "timestamp": "2024-08-09T04:29:17.909Z"
}{
  "errorId": 1723177757909,
  "status": "fail",
  "statusCode": 404,
  "url": "/uploads/service/1723138405730-Hospitalia-Pro-1.png",
  "message": "Can't find /uploads/service/1723138405730-Hospitalia-Pro-1.png on this server!",
  "timestamp": "2024-08-09T04:29:17.909Z"
}{
  "errorId": 1723177757910,
  "status": "fail",
  "statusCode": 404,
  "url": "/uploads/service/1723138316603-Travel-Planner%201.png",
  "message": "Can't find /uploads/service/1723138316603-Travel-Planner%201.png on this server!",
  "timestamp": "2024-08-09T04:29:17.910Z"
}{
  "errorId": 1723178321308,
  "status": "fail",
  "statusCode": 404,
  "url": "/uploads/service/1723138461230-PropertyPulse-CRM2.png",
  "message": "Can't find /uploads/service/1723138461230-PropertyPulse-CRM2.png on this server!",
  "timestamp": "2024-08-09T04:38:41.308Z"
}{
  "errorId": 1723178321310,
  "status": "fail",
  "statusCode": 404,
  "url": "/uploads/service/1723138453849-EduPro-Manager2.png",
  "message": "Can't find /uploads/service/1723138453849-EduPro-Manager2.png on this server!",
  "timestamp": "2024-08-09T04:38:41.310Z"
}{
  "errorId": 1723178321311,
  "status": "fail",
  "statusCode": 404,
  "url": "/uploads/service/1723138405730-Hospitalia-Pro-1.png",
  "message": "Can't find /uploads/service/1723138405730-Hospitalia-Pro-1.png on this server!",
  "timestamp": "2024-08-09T04:38:41.311Z"
}{
  "errorId": 1723178321311,
  "status": "fail",
  "statusCode": 404,
  "url": "/uploads/service/1723138316603-Travel-Planner%201.png",
  "message": "Can't find /uploads/service/1723138316603-Travel-Planner%201.png on this server!",
  "timestamp": "2024-08-09T04:38:41.311Z"
}{
  "errorId": 1723178390849,
  "status": "fail",
  "statusCode": 404,
  "url": "/uploads/service/1723138316603-Travel-Planner%201.png",
  "message": "Can't find /uploads/service/1723138316603-Travel-Planner%201.png on this server!",
  "timestamp": "2024-08-09T04:39:50.849Z"
}{
  "errorId": 1723178736272,
  "status": "fail",
  "statusCode": 404,
  "url": "/uploads/service/1723138316603-Travel-Planner%201.png",
  "message": "Can't find /uploads/service/1723138316603-Travel-Planner%201.png on this server!",
  "timestamp": "2024-08-09T04:45:36.272Z"
}