{
  "errorId": 1724434370409,
  "status": "fail",
  "statusCode": 404,
  "url": "/uploads/testimonial/1724028510249-WhatsApp%20Image%202024-07-12%20at%201.59.46%20PM.jpeg",
  "message": "Can't find /uploads/testimonial/1724028510249-WhatsApp%20Image%202024-07-12%20at%201.59.46%20PM.jpeg on this server!",
  "timestamp": "2024-08-23T17:32:50.410Z"
}{
  "errorId": 1724435078816,
  "status": "fail",
  "statusCode": 404,
  "url": "/uploads/testimonial/1724028510249-WhatsApp%20Image%202024-07-12%20at%201.59.46%20PM.jpeg",
  "message": "Can't find /uploads/testimonial/1724028510249-WhatsApp%20Image%202024-07-12%20at%201.59.46%20PM.jpeg on this server!",
  "timestamp": "2024-08-23T17:44:38.816Z"
}{
  "errorId": 1724435188819,
  "status": "fail",
  "statusCode": 404,
  "url": "/uploads/testimonial/1724028510249-WhatsApp%20Image%202024-07-12%20at%201.59.46%20PM.jpeg",
  "message": "Can't find /uploads/testimonial/1724028510249-WhatsApp%20Image%202024-07-12%20at%201.59.46%20PM.jpeg on this server!",
  "timestamp": "2024-08-23T17:46:28.819Z"
}{
  "errorId": 1724435250713,
  "status": "fail",
  "statusCode": 404,
  "url": "/uploads/testimonial/1724028510249-WhatsApp%20Image%202024-07-12%20at%201.59.46%20PM.jpeg",
  "message": "Can't find /uploads/testimonial/1724028510249-WhatsApp%20Image%202024-07-12%20at%201.59.46%20PM.jpeg on this server!",
  "timestamp": "2024-08-23T17:47:30.713Z"
}{
  "errorId": 1724435317728,
  "status": "fail",
  "statusCode": 404,
  "url": "/uploads/testimonial/1724028510249-WhatsApp%20Image%202024-07-12%20at%201.59.46%20PM.jpeg",
  "message": "Can't find /uploads/testimonial/1724028510249-WhatsApp%20Image%202024-07-12%20at%201.59.46%20PM.jpeg on this server!",
  "timestamp": "2024-08-23T17:48:37.728Z"
}{
  "errorId": 1724435377755,
  "status": "fail",
  "statusCode": 404,
  "url": "/uploads/testimonial/1724028510249-WhatsApp%20Image%202024-07-12%20at%201.59.46%20PM.jpeg",
  "message": "Can't find /uploads/testimonial/1724028510249-WhatsApp%20Image%202024-07-12%20at%201.59.46%20PM.jpeg on this server!",
  "timestamp": "2024-08-23T17:49:37.755Z"
}{
  "errorId": 1724435828546,
  "status": "fail",
  "statusCode": 404,
  "url": "/uploads/testimonial/1724028510249-WhatsApp%20Image%202024-07-12%20at%201.59.46%20PM.jpeg",
  "message": "Can't find /uploads/testimonial/1724028510249-WhatsApp%20Image%202024-07-12%20at%201.59.46%20PM.jpeg on this server!",
  "timestamp": "2024-08-23T17:57:08.546Z"
}