{
  "errorId": 1722578668541,
  "status": "fail",
  "statusCode": 404,
  "url": "//api/v1",
  "message": "Can't find //api/v1 on this server!",
  "timestamp": "2024-08-02T06:04:28.541Z"
}{
  "errorId": 1722578682944,
  "status": "fail",
  "statusCode": 404,
  "url": "//api/v1/heroes",
  "message": "Can't find //api/v1/heroes on this server!",
  "timestamp": "2024-08-02T06:04:42.944Z"
}{
  "errorId": 1722578713746,
  "status": "fail",
  "statusCode": 404,
  "url": "//api/v1",
  "message": "Can't find //api/v1 on this server!",
  "timestamp": "2024-08-02T06:05:13.746Z"
}{
  "errorId": 1722578714372,
  "status": "fail",
  "statusCode": 404,
  "url": "//api/v1",
  "message": "Can't find //api/v1 on this server!",
  "timestamp": "2024-08-02T06:05:14.372Z"
}{
  "errorId": 1722578714852,
  "status": "fail",
  "statusCode": 404,
  "url": "//api/v1",
  "message": "Can't find //api/v1 on this server!",
  "timestamp": "2024-08-02T06:05:14.852Z"
}{
  "errorId": 1722578715250,
  "status": "fail",
  "statusCode": 404,
  "url": "//api/v1",
  "message": "Can't find //api/v1 on this server!",
  "timestamp": "2024-08-02T06:05:15.250Z"
}{
  "errorId": 1722578715709,
  "status": "fail",
  "statusCode": 404,
  "url": "//api/v1",
  "message": "Can't find //api/v1 on this server!",
  "timestamp": "2024-08-02T06:05:15.709Z"
}{
  "errorId": 1722578716342,
  "status": "fail",
  "statusCode": 404,
  "url": "//api/v1",
  "message": "Can't find //api/v1 on this server!",
  "timestamp": "2024-08-02T06:05:16.342Z"
}{
  "errorId": 1722578964404,
  "status": "error",
  "statusCode": 500,
  "url": "/api/v1/heroes",
  "message": "ENOENT: no such file or directory, open 'C:\\Users\\morsh\\OneDrive\\Desktop\\iHeartz-server\\uploads\\heros\\1722578964401-R.jfif'",
  "timestamp": "2024-08-02T06:09:24.404Z"
}{
  "errorId": 1722579548655,
  "url": "/api/v1/heroes",
  "timestamp": "2024-08-02T06:19:08.655Z"
}{
  "errorId": 1722579591285,
  "url": "/api/v1/heroes",
  "timestamp": "2024-08-02T06:19:51.285Z"
}{
  "errorId": 1722579609244,
  "url": "/api/v1/heroes",
  "timestamp": "2024-08-02T06:20:09.244Z"
}{
  "errorId": 1722579614418,
  "status": "error",
  "statusCode": 500,
  "url": "/api/v1/heroes",
  "message": "Unexpected field",
  "timestamp": "2024-08-02T06:20:14.418Z"
}{
  "errorId": 1722579627486,
  "url": "/api/v1/heroes",
  "timestamp": "2024-08-02T06:20:27.486Z"
}{
  "errorId": 1722579628497,
  "url": "/api/v1/heroes",
  "timestamp": "2024-08-02T06:20:28.497Z"
}{
  "errorId": 1722579628895,
  "url": "/api/v1/heroes",
  "timestamp": "2024-08-02T06:20:28.895Z"
}{
  "errorId": 1722579629148,
  "url": "/api/v1/heroes",
  "timestamp": "2024-08-02T06:20:29.148Z"
}{
  "errorId": 1722579629383,
  "url": "/api/v1/heroes",
  "timestamp": "2024-08-02T06:20:29.383Z"
}{
  "errorId": 1722579629598,
  "url": "/api/v1/heroes",
  "timestamp": "2024-08-02T06:20:29.598Z"
}{
  "errorId": 1722579629820,
  "url": "/api/v1/heroes",
  "timestamp": "2024-08-02T06:20:29.820Z"
}{
  "errorId": 1722579630030,
  "url": "/api/v1/heroes",
  "timestamp": "2024-08-02T06:20:30.030Z"
}{
  "errorId": 1722579630250,
  "url": "/api/v1/heroes",
  "timestamp": "2024-08-02T06:20:30.250Z"
}{
  "errorId": 1722579630482,
  "url": "/api/v1/heroes",
  "timestamp": "2024-08-02T06:20:30.482Z"
}{
  "errorId": 1722579630706,
  "url": "/api/v1/heroes",
  "timestamp": "2024-08-02T06:20:30.706Z"
}{
  "errorId": 1722579630930,
  "url": "/api/v1/heroes",
  "timestamp": "2024-08-02T06:20:30.930Z"
}{
  "errorId": 1722581165922,
  "url": "/api/v1/heroes",
  "timestamp": "2024-08-02T06:46:05.922Z"
}{
  "errorId": 1722585859724,
  "url": "/api/v1/heroes",
  "timestamp": "2024-08-02T08:04:19.724Z"
}{
  "errorId": 1722585860447,
  "url": "/api/v1/heroes",
  "timestamp": "2024-08-02T08:04:20.447Z"
}{
  "errorId": 1722585860780,
  "url": "/api/v1/heroes",
  "timestamp": "2024-08-02T08:04:20.780Z"
}{
  "errorId": 1722585861097,
  "url": "/api/v1/heroes",
  "timestamp": "2024-08-02T08:04:21.097Z"
}{
  "errorId": 1722585863098,
  "url": "/api/v1/heroes",
  "timestamp": "2024-08-02T08:04:23.098Z"
}{
  "errorId": 1722585863606,
  "url": "/api/v1/heroes",
  "timestamp": "2024-08-02T08:04:23.606Z"
}{
  "errorId": 1722585864125,
  "url": "/api/v1/heroes",
  "timestamp": "2024-08-02T08:04:24.125Z"
}