{
  "errorId": 1723388524377,
  "status": "fail",
  "statusCode": 404,
  "url": "/api/v1/service/66b8d18585199c7bbb58e3aa",
  "message": "Can't find /api/v1/service/66b8d18585199c7bbb58e3aa on this server!",
  "timestamp": "2024-08-11T15:02:04.377Z"
}{
  "errorId": 1723394140819,
  "status": "fail",
  "statusCode": 404,
  "url": "/uploads/service/1723394048399-group-people-working-team.png",
  "message": "Can't find /uploads/service/1723394048399-group-people-working-team.png on this server!",
  "timestamp": "2024-08-11T16:35:40.819Z"
}{
  "errorId": 1723394140820,
  "status": "fail",
  "statusCode": 404,
  "url": "/uploads/service/1723394040152-OIP%20(1).jfif",
  "message": "Can't find /uploads/service/1723394040152-OIP%20(1).jfif on this server!",
  "timestamp": "2024-08-11T16:35:40.820Z"
}{
  "errorId": 1723394140822,
  "status": "fail",
  "statusCode": 404,
  "url": "/uploads/service/1723394031261-artworks-000554122230-6dgf5m-t500x500.jpg",
  "message": "Can't find /uploads/service/1723394031261-artworks-000554122230-6dgf5m-t500x500.jpg on this server!",
  "timestamp": "2024-08-11T16:35:40.822Z"
}{
  "errorId": 1723394140824,
  "status": "fail",
  "statusCode": 404,
  "url": "/uploads/service/1723394021697-1652195777_660_Lenovo-Unveils-Its-New-Legion-Series-Gaming-Laptops.jpg",
  "message": "Can't find /uploads/service/1723394021697-1652195777_660_Lenovo-Unveils-Its-New-Legion-Series-Gaming-Laptops.jpg on this server!",
  "timestamp": "2024-08-11T16:35:40.824Z"
}{
  "errorId": 1723394661351,
  "status": "fail",
  "statusCode": 404,
  "url": "/uploads/service/1723394048399-group-people-working-team.png",
  "message": "Can't find /uploads/service/1723394048399-group-people-working-team.png on this server!",
  "timestamp": "2024-08-11T16:44:21.351Z"
}{
  "errorId": 1723394661355,
  "status": "fail",
  "statusCode": 404,
  "url": "/uploads/service/1723394040152-OIP%20(1).jfif",
  "message": "Can't find /uploads/service/1723394040152-OIP%20(1).jfif on this server!",
  "timestamp": "2024-08-11T16:44:21.355Z"
}{
  "errorId": 1723394661361,
  "status": "fail",
  "statusCode": 404,
  "url": "/uploads/service/1723394031261-artworks-000554122230-6dgf5m-t500x500.jpg",
  "message": "Can't find /uploads/service/1723394031261-artworks-000554122230-6dgf5m-t500x500.jpg on this server!",
  "timestamp": "2024-08-11T16:44:21.361Z"
}{
  "errorId": 1723394661367,
  "status": "fail",
  "statusCode": 404,
  "url": "/uploads/service/1723394021697-1652195777_660_Lenovo-Unveils-Its-New-Legion-Series-Gaming-Laptops.jpg",
  "message": "Can't find /uploads/service/1723394021697-1652195777_660_Lenovo-Unveils-Its-New-Legion-Series-Gaming-Laptops.jpg on this server!",
  "timestamp": "2024-08-11T16:44:21.367Z"
}