{
  "errorId": 1724029369693,
  "status": "fail",
  "statusCode": 404,
  "url": "/uploads/testimonial/1724028510249-WhatsApp%20Image%202024-07-12%20at%201.59.46%20PM.jpeg",
  "message": "Can't find /uploads/testimonial/1724028510249-WhatsApp%20Image%202024-07-12%20at%201.59.46%20PM.jpeg on this server!",
  "timestamp": "2024-08-19T01:02:49.693Z"
}{
  "errorId": 1724030864008,
  "status": "fail",
  "statusCode": 404,
  "url": "/uploads/testimonial/1724028510249-WhatsApp%20Image%202024-07-12%20at%201.59.46%20PM.jpeg",
  "message": "Can't find /uploads/testimonial/1724028510249-WhatsApp%20Image%202024-07-12%20at%201.59.46%20PM.jpeg on this server!",
  "timestamp": "2024-08-19T01:27:44.008Z"
}{
  "errorId": 1724032165039,
  "status": "fail",
  "statusCode": 404,
  "url": "/uploads/testimonial/1724028510249-WhatsApp%20Image%202024-07-12%20at%201.59.46%20PM.jpeg",
  "message": "Can't find /uploads/testimonial/1724028510249-WhatsApp%20Image%202024-07-12%20at%201.59.46%20PM.jpeg on this server!",
  "timestamp": "2024-08-19T01:49:25.039Z"
}