
    Error ID: 1720608159973
    Status: fail
    StatusCode: 404
    URL: /api/v1/drgert
    Message: Can't find /api/v1/drgert on this server!
    Stack: Error: Can't find /api/v1/drgert on this server!
    at C:\Users\munna.innovation\Desktop\iHeartz-server\app.js:38:17
    at Layer.handle [as handle_request] (C:\Users\munna.innovation\Desktop\iHeartz-server\node_modules\express\lib\router\layer.js:95:5)
    at next (C:\Users\munna.innovation\Desktop\iHeartz-server\node_modules\express\lib\router\route.js:137:13)
    at next (C:\Users\munna.innovation\Desktop\iHeartz-server\node_modules\express\lib\router\route.js:131:14)
    at next (C:\Users\munna.innovation\Desktop\iHeartz-server\node_modules\express\lib\router\route.js:131:14)
    at next (C:\Users\munna.innovation\Desktop\iHeartz-server\node_modules\express\lib\router\route.js:131:14)
    at next (C:\Users\munna.innovation\Desktop\iHeartz-server\node_modules\express\lib\router\route.js:131:14)
    at next (C:\Users\munna.innovation\Desktop\iHeartz-server\node_modules\express\lib\router\route.js:131:14)
    at next (C:\Users\munna.innovation\Desktop\iHeartz-server\node_modules\express\lib\router\route.js:131:14)
    at Route.dispatch (C:\Users\munna.innovation\Desktop\iHeartz-server\node_modules\express\lib\router\route.js:112:3)
    Timestamp: 2024-07-10T10:42:39.973Z
  
    Error ID: 1720608270567
    Status: fail
    StatusCode: 404
    URL: /api/v1/drgert
    Message: Can't find /api/v1/drgert on this server!
    Stack: Error: Can't find /api/v1/drgert on this server!
    at C:\Users\munna.innovation\Desktop\iHeartz-server\app.js:38:17
    at Layer.handle [as handle_request] (C:\Users\munna.innovation\Desktop\iHeartz-server\node_modules\express\lib\router\layer.js:95:5)
    at next (C:\Users\munna.innovation\Desktop\iHeartz-server\node_modules\express\lib\router\route.js:137:13)
    at next (C:\Users\munna.innovation\Desktop\iHeartz-server\node_modules\express\lib\router\route.js:131:14)
    at next (C:\Users\munna.innovation\Desktop\iHeartz-server\node_modules\express\lib\router\route.js:131:14)
    at next (C:\Users\munna.innovation\Desktop\iHeartz-server\node_modules\express\lib\router\route.js:131:14)
    at next (C:\Users\munna.innovation\Desktop\iHeartz-server\node_modules\express\lib\router\route.js:131:14)
    at next (C:\Users\munna.innovation\Desktop\iHeartz-server\node_modules\express\lib\router\route.js:131:14)
    at next (C:\Users\munna.innovation\Desktop\iHeartz-server\node_modules\express\lib\router\route.js:131:14)
    at Route.dispatch (C:\Users\munna.innovation\Desktop\iHeartz-server\node_modules\express\lib\router\route.js:112:3)
    Timestamp: 2024-07-10T10:44:30.568Z
  
    Error ID: 1720608318880
    Status: fail
    StatusCode: 404
    URL: /api/v1/drgert
    Message: Can't find /api/v1/drgert on this server!
    Stack: Error: Can't find /api/v1/drgert on this server!
    at C:\Users\munna.innovation\Desktop\iHeartz-server\app.js:38:17
    at Layer.handle [as handle_request] (C:\Users\munna.innovation\Desktop\iHeartz-server\node_modules\express\lib\router\layer.js:95:5)
    at next (C:\Users\munna.innovation\Desktop\iHeartz-server\node_modules\express\lib\router\route.js:137:13)
    at next (C:\Users\munna.innovation\Desktop\iHeartz-server\node_modules\express\lib\router\route.js:131:14)
    at next (C:\Users\munna.innovation\Desktop\iHeartz-server\node_modules\express\lib\router\route.js:131:14)
    at next (C:\Users\munna.innovation\Desktop\iHeartz-server\node_modules\express\lib\router\route.js:131:14)
    at next (C:\Users\munna.innovation\Desktop\iHeartz-server\node_modules\express\lib\router\route.js:131:14)
    at next (C:\Users\munna.innovation\Desktop\iHeartz-server\node_modules\express\lib\router\route.js:131:14)
    at next (C:\Users\munna.innovation\Desktop\iHeartz-server\node_modules\express\lib\router\route.js:131:14)
    at Route.dispatch (C:\Users\munna.innovation\Desktop\iHeartz-server\node_modules\express\lib\router\route.js:112:3)
    Timestamp: 2024-07-10T10:45:18.880Z
  
    Error ID: 1720608319555
    Status: fail
    StatusCode: 404
    URL: /api/v1/drgert
    Message: Can't find /api/v1/drgert on this server!
    Stack: Error: Can't find /api/v1/drgert on this server!
    at C:\Users\munna.innovation\Desktop\iHeartz-server\app.js:38:17
    at Layer.handle [as handle_request] (C:\Users\munna.innovation\Desktop\iHeartz-server\node_modules\express\lib\router\layer.js:95:5)
    at next (C:\Users\munna.innovation\Desktop\iHeartz-server\node_modules\express\lib\router\route.js:137:13)
    at next (C:\Users\munna.innovation\Desktop\iHeartz-server\node_modules\express\lib\router\route.js:131:14)
    at next (C:\Users\munna.innovation\Desktop\iHeartz-server\node_modules\express\lib\router\route.js:131:14)
    at next (C:\Users\munna.innovation\Desktop\iHeartz-server\node_modules\express\lib\router\route.js:131:14)
    at next (C:\Users\munna.innovation\Desktop\iHeartz-server\node_modules\express\lib\router\route.js:131:14)
    at next (C:\Users\munna.innovation\Desktop\iHeartz-server\node_modules\express\lib\router\route.js:131:14)
    at next (C:\Users\munna.innovation\Desktop\iHeartz-server\node_modules\express\lib\router\route.js:131:14)
    at Route.dispatch (C:\Users\munna.innovation\Desktop\iHeartz-server\node_modules\express\lib\router\route.js:112:3)
    Timestamp: 2024-07-10T10:45:19.555Z
  
    Error ID: 1720608320085
    Status: fail
    StatusCode: 404
    URL: /api/v1/drgert
    Message: Can't find /api/v1/drgert on this server!
    Stack: Error: Can't find /api/v1/drgert on this server!
    at C:\Users\munna.innovation\Desktop\iHeartz-server\app.js:38:17
    at Layer.handle [as handle_request] (C:\Users\munna.innovation\Desktop\iHeartz-server\node_modules\express\lib\router\layer.js:95:5)
    at next (C:\Users\munna.innovation\Desktop\iHeartz-server\node_modules\express\lib\router\route.js:137:13)
    at next (C:\Users\munna.innovation\Desktop\iHeartz-server\node_modules\express\lib\router\route.js:131:14)
    at next (C:\Users\munna.innovation\Desktop\iHeartz-server\node_modules\express\lib\router\route.js:131:14)
    at next (C:\Users\munna.innovation\Desktop\iHeartz-server\node_modules\express\lib\router\route.js:131:14)
    at next (C:\Users\munna.innovation\Desktop\iHeartz-server\node_modules\express\lib\router\route.js:131:14)
    at next (C:\Users\munna.innovation\Desktop\iHeartz-server\node_modules\express\lib\router\route.js:131:14)
    at next (C:\Users\munna.innovation\Desktop\iHeartz-server\node_modules\express\lib\router\route.js:131:14)
    at Route.dispatch (C:\Users\munna.innovation\Desktop\iHeartz-server\node_modules\express\lib\router\route.js:112:3)
    Timestamp: 2024-07-10T10:45:20.085Z
  
    Error ID: 1720608320525
    Status: fail
    StatusCode: 404
    URL: /api/v1/drgert
    Message: Can't find /api/v1/drgert on this server!
    Stack: Error: Can't find /api/v1/drgert on this server!
    at C:\Users\munna.innovation\Desktop\iHeartz-server\app.js:38:17
    at Layer.handle [as handle_request] (C:\Users\munna.innovation\Desktop\iHeartz-server\node_modules\express\lib\router\layer.js:95:5)
    at next (C:\Users\munna.innovation\Desktop\iHeartz-server\node_modules\express\lib\router\route.js:137:13)
    at next (C:\Users\munna.innovation\Desktop\iHeartz-server\node_modules\express\lib\router\route.js:131:14)
    at next (C:\Users\munna.innovation\Desktop\iHeartz-server\node_modules\express\lib\router\route.js:131:14)
    at next (C:\Users\munna.innovation\Desktop\iHeartz-server\node_modules\express\lib\router\route.js:131:14)
    at next (C:\Users\munna.innovation\Desktop\iHeartz-server\node_modules\express\lib\router\route.js:131:14)
    at next (C:\Users\munna.innovation\Desktop\iHeartz-server\node_modules\express\lib\router\route.js:131:14)
    at next (C:\Users\munna.innovation\Desktop\iHeartz-server\node_modules\express\lib\router\route.js:131:14)
    at Route.dispatch (C:\Users\munna.innovation\Desktop\iHeartz-server\node_modules\express\lib\router\route.js:112:3)
    Timestamp: 2024-07-10T10:45:20.525Z
  
    Error ID: 1720608320957
    Status: fail
    StatusCode: 404
    URL: /api/v1/drgert
    Message: Can't find /api/v1/drgert on this server!
    Stack: Error: Can't find /api/v1/drgert on this server!
    at C:\Users\munna.innovation\Desktop\iHeartz-server\app.js:38:17
    at Layer.handle [as handle_request] (C:\Users\munna.innovation\Desktop\iHeartz-server\node_modules\express\lib\router\layer.js:95:5)
    at next (C:\Users\munna.innovation\Desktop\iHeartz-server\node_modules\express\lib\router\route.js:137:13)
    at next (C:\Users\munna.innovation\Desktop\iHeartz-server\node_modules\express\lib\router\route.js:131:14)
    at next (C:\Users\munna.innovation\Desktop\iHeartz-server\node_modules\express\lib\router\route.js:131:14)
    at next (C:\Users\munna.innovation\Desktop\iHeartz-server\node_modules\express\lib\router\route.js:131:14)
    at next (C:\Users\munna.innovation\Desktop\iHeartz-server\node_modules\express\lib\router\route.js:131:14)
    at next (C:\Users\munna.innovation\Desktop\iHeartz-server\node_modules\express\lib\router\route.js:131:14)
    at next (C:\Users\munna.innovation\Desktop\iHeartz-server\node_modules\express\lib\router\route.js:131:14)
    at Route.dispatch (C:\Users\munna.innovation\Desktop\iHeartz-server\node_modules\express\lib\router\route.js:112:3)
    Timestamp: 2024-07-10T10:45:20.957Z
  
    Error ID: 1720608321389
    Status: fail
    StatusCode: 404
    URL: /api/v1/drgert
    Message: Can't find /api/v1/drgert on this server!
    Stack: Error: Can't find /api/v1/drgert on this server!
    at C:\Users\munna.innovation\Desktop\iHeartz-server\app.js:38:17
    at Layer.handle [as handle_request] (C:\Users\munna.innovation\Desktop\iHeartz-server\node_modules\express\lib\router\layer.js:95:5)
    at next (C:\Users\munna.innovation\Desktop\iHeartz-server\node_modules\express\lib\router\route.js:137:13)
    at next (C:\Users\munna.innovation\Desktop\iHeartz-server\node_modules\express\lib\router\route.js:131:14)
    at next (C:\Users\munna.innovation\Desktop\iHeartz-server\node_modules\express\lib\router\route.js:131:14)
    at next (C:\Users\munna.innovation\Desktop\iHeartz-server\node_modules\express\lib\router\route.js:131:14)
    at next (C:\Users\munna.innovation\Desktop\iHeartz-server\node_modules\express\lib\router\route.js:131:14)
    at next (C:\Users\munna.innovation\Desktop\iHeartz-server\node_modules\express\lib\router\route.js:131:14)
    at next (C:\Users\munna.innovation\Desktop\iHeartz-server\node_modules\express\lib\router\route.js:131:14)
    at Route.dispatch (C:\Users\munna.innovation\Desktop\iHeartz-server\node_modules\express\lib\router\route.js:112:3)
    Timestamp: 2024-07-10T10:45:21.389Z
  
    Error ID: 1720608515365
    Status: fail
    StatusCode: 404
    URL: /api/v1/rgf
    Message: Can't find /api/v1/rgf on this server!
    Stack: Error: Can't find /api/v1/rgf on this server!
    at C:\Users\munna.innovation\Desktop\iHeartz-server\app.js:38:17
    at Layer.handle [as handle_request] (C:\Users\munna.innovation\Desktop\iHeartz-server\node_modules\express\lib\router\layer.js:95:5)
    at next (C:\Users\munna.innovation\Desktop\iHeartz-server\node_modules\express\lib\router\route.js:137:13)
    at next (C:\Users\munna.innovation\Desktop\iHeartz-server\node_modules\express\lib\router\route.js:131:14)
    at next (C:\Users\munna.innovation\Desktop\iHeartz-server\node_modules\express\lib\router\route.js:131:14)
    at next (C:\Users\munna.innovation\Desktop\iHeartz-server\node_modules\express\lib\router\route.js:131:14)
    at next (C:\Users\munna.innovation\Desktop\iHeartz-server\node_modules\express\lib\router\route.js:131:14)
    at next (C:\Users\munna.innovation\Desktop\iHeartz-server\node_modules\express\lib\router\route.js:131:14)
    at next (C:\Users\munna.innovation\Desktop\iHeartz-server\node_modules\express\lib\router\route.js:131:14)
    at Route.dispatch (C:\Users\munna.innovation\Desktop\iHeartz-server\node_modules\express\lib\router\route.js:112:3)
    Timestamp: 2024-07-10T10:48:35.365Z
  
    Error ID: 1720608682430
    Status: fail
    StatusCode: 404
    URL: /api/v1/rgf
    Message: Can't find /api/v1/rgf on this server!
    Stack: Error: Can't find /api/v1/rgf on this server!
    at C:\Users\munna.innovation\Desktop\iHeartz-server\app.js:38:17
    at Layer.handle [as handle_request] (C:\Users\munna.innovation\Desktop\iHeartz-server\node_modules\express\lib\router\layer.js:95:5)
    at next (C:\Users\munna.innovation\Desktop\iHeartz-server\node_modules\express\lib\router\route.js:137:13)
    at next (C:\Users\munna.innovation\Desktop\iHeartz-server\node_modules\express\lib\router\route.js:131:14)
    at next (C:\Users\munna.innovation\Desktop\iHeartz-server\node_modules\express\lib\router\route.js:131:14)
    at next (C:\Users\munna.innovation\Desktop\iHeartz-server\node_modules\express\lib\router\route.js:131:14)
    at next (C:\Users\munna.innovation\Desktop\iHeartz-server\node_modules\express\lib\router\route.js:131:14)
    at next (C:\Users\munna.innovation\Desktop\iHeartz-server\node_modules\express\lib\router\route.js:131:14)
    at next (C:\Users\munna.innovation\Desktop\iHeartz-server\node_modules\express\lib\router\route.js:131:14)
    at Route.dispatch (C:\Users\munna.innovation\Desktop\iHeartz-server\node_modules\express\lib\router\route.js:112:3)
    Timestamp: 2024-07-10T10:51:22.430Z
  
    Error ID: 1720608735566
    Status: fail
    StatusCode: 404
    URL: /api/v1/rgf
    Message: Can't find /api/v1/rgf on this server!
    Stack: Error: Can't find /api/v1/rgf on this server!
    at C:\Users\munna.innovation\Desktop\iHeartz-server\app.js:38:17
    at Layer.handle [as handle_request] (C:\Users\munna.innovation\Desktop\iHeartz-server\node_modules\express\lib\router\layer.js:95:5)
    at next (C:\Users\munna.innovation\Desktop\iHeartz-server\node_modules\express\lib\router\route.js:137:13)
    at next (C:\Users\munna.innovation\Desktop\iHeartz-server\node_modules\express\lib\router\route.js:131:14)
    at next (C:\Users\munna.innovation\Desktop\iHeartz-server\node_modules\express\lib\router\route.js:131:14)
    at next (C:\Users\munna.innovation\Desktop\iHeartz-server\node_modules\express\lib\router\route.js:131:14)
    at next (C:\Users\munna.innovation\Desktop\iHeartz-server\node_modules\express\lib\router\route.js:131:14)
    at next (C:\Users\munna.innovation\Desktop\iHeartz-server\node_modules\express\lib\router\route.js:131:14)
    at next (C:\Users\munna.innovation\Desktop\iHeartz-server\node_modules\express\lib\router\route.js:131:14)
    at Route.dispatch (C:\Users\munna.innovation\Desktop\iHeartz-server\node_modules\express\lib\router\route.js:112:3)
    Timestamp: 2024-07-10T10:52:15.567Z
  
    Error ID: 1720608737499
    Status: fail
    StatusCode: 404
    URL: /api/v1/rgf
    Message: Can't find /api/v1/rgf on this server!
    Stack: Error: Can't find /api/v1/rgf on this server!
    at C:\Users\munna.innovation\Desktop\iHeartz-server\app.js:38:17
    at Layer.handle [as handle_request] (C:\Users\munna.innovation\Desktop\iHeartz-server\node_modules\express\lib\router\layer.js:95:5)
    at next (C:\Users\munna.innovation\Desktop\iHeartz-server\node_modules\express\lib\router\route.js:137:13)
    at next (C:\Users\munna.innovation\Desktop\iHeartz-server\node_modules\express\lib\router\route.js:131:14)
    at next (C:\Users\munna.innovation\Desktop\iHeartz-server\node_modules\express\lib\router\route.js:131:14)
    at next (C:\Users\munna.innovation\Desktop\iHeartz-server\node_modules\express\lib\router\route.js:131:14)
    at next (C:\Users\munna.innovation\Desktop\iHeartz-server\node_modules\express\lib\router\route.js:131:14)
    at next (C:\Users\munna.innovation\Desktop\iHeartz-server\node_modules\express\lib\router\route.js:131:14)
    at next (C:\Users\munna.innovation\Desktop\iHeartz-server\node_modules\express\lib\router\route.js:131:14)
    at Route.dispatch (C:\Users\munna.innovation\Desktop\iHeartz-server\node_modules\express\lib\router\route.js:112:3)
    Timestamp: 2024-07-10T10:52:17.499Z
  
    Error ID: 1720608738119
    Status: fail
    StatusCode: 404
    URL: /api/v1/rgf
    Message: Can't find /api/v1/rgf on this server!
    Stack: Error: Can't find /api/v1/rgf on this server!
    at C:\Users\munna.innovation\Desktop\iHeartz-server\app.js:38:17
    at Layer.handle [as handle_request] (C:\Users\munna.innovation\Desktop\iHeartz-server\node_modules\express\lib\router\layer.js:95:5)
    at next (C:\Users\munna.innovation\Desktop\iHeartz-server\node_modules\express\lib\router\route.js:137:13)
    at next (C:\Users\munna.innovation\Desktop\iHeartz-server\node_modules\express\lib\router\route.js:131:14)
    at next (C:\Users\munna.innovation\Desktop\iHeartz-server\node_modules\express\lib\router\route.js:131:14)
    at next (C:\Users\munna.innovation\Desktop\iHeartz-server\node_modules\express\lib\router\route.js:131:14)
    at next (C:\Users\munna.innovation\Desktop\iHeartz-server\node_modules\express\lib\router\route.js:131:14)
    at next (C:\Users\munna.innovation\Desktop\iHeartz-server\node_modules\express\lib\router\route.js:131:14)
    at next (C:\Users\munna.innovation\Desktop\iHeartz-server\node_modules\express\lib\router\route.js:131:14)
    at Route.dispatch (C:\Users\munna.innovation\Desktop\iHeartz-server\node_modules\express\lib\router\route.js:112:3)
    Timestamp: 2024-07-10T10:52:18.119Z
  
    Error ID: 1720608900460
    Status: error
    StatusCode: 500
    URL: /api/v1
    Message: Server Error
    Stack: Error: Server Error
    at C:\Users\munna.innovation\Desktop\iHeartz-server\routes\health.js:7:9
    at Layer.handle [as handle_request] (C:\Users\munna.innovation\Desktop\iHeartz-server\node_modules\express\lib\router\layer.js:95:5)
    at next (C:\Users\munna.innovation\Desktop\iHeartz-server\node_modules\express\lib\router\route.js:137:13)
    at Route.dispatch (C:\Users\munna.innovation\Desktop\iHeartz-server\node_modules\express\lib\router\route.js:112:3)
    at Layer.handle [as handle_request] (C:\Users\munna.innovation\Desktop\iHeartz-server\node_modules\express\lib\router\layer.js:95:5)
    at C:\Users\munna.innovation\Desktop\iHeartz-server\node_modules\express\lib\router\index.js:281:22
    at Function.process_params (C:\Users\munna.innovation\Desktop\iHeartz-server\node_modules\express\lib\router\index.js:335:12)
    at next (C:\Users\munna.innovation\Desktop\iHeartz-server\node_modules\express\lib\router\index.js:275:10)
    at Function.handle (C:\Users\munna.innovation\Desktop\iHeartz-server\node_modules\express\lib\router\index.js:174:3)
    at router (C:\Users\munna.innovation\Desktop\iHeartz-server\node_modules\express\lib\router\index.js:47:12)
    Timestamp: 2024-07-10T10:55:00.460Z
  
    Error ID: 1720608900723
    Status: error
    StatusCode: 500
    URL: /api/v1
    Message: Server Error
    Stack: Error: Server Error
    at C:\Users\munna.innovation\Desktop\iHeartz-server\routes\health.js:7:9
    at Layer.handle [as handle_request] (C:\Users\munna.innovation\Desktop\iHeartz-server\node_modules\express\lib\router\layer.js:95:5)
    at next (C:\Users\munna.innovation\Desktop\iHeartz-server\node_modules\express\lib\router\route.js:137:13)
    at Route.dispatch (C:\Users\munna.innovation\Desktop\iHeartz-server\node_modules\express\lib\router\route.js:112:3)
    at Layer.handle [as handle_request] (C:\Users\munna.innovation\Desktop\iHeartz-server\node_modules\express\lib\router\layer.js:95:5)
    at C:\Users\munna.innovation\Desktop\iHeartz-server\node_modules\express\lib\router\index.js:281:22
    at Function.process_params (C:\Users\munna.innovation\Desktop\iHeartz-server\node_modules\express\lib\router\index.js:335:12)
    at next (C:\Users\munna.innovation\Desktop\iHeartz-server\node_modules\express\lib\router\index.js:275:10)
    at Function.handle (C:\Users\munna.innovation\Desktop\iHeartz-server\node_modules\express\lib\router\index.js:174:3)
    at router (C:\Users\munna.innovation\Desktop\iHeartz-server\node_modules\express\lib\router\index.js:47:12)
    Timestamp: 2024-07-10T10:55:00.723Z
  